c:\users\yes\source\repos\sdlsimple\sdlsimple\debug\vc142.pdb
c:\users\yes\source\repos\sdlsimple\sdlsimple\debug\vc142.idb
c:\users\yes\source\repos\sdlsimple\sdlsimple\debug\util.obj
c:\users\yes\source\repos\sdlsimple\sdlsimple\debug\spriterenderer.obj
c:\users\yes\source\repos\sdlsimple\sdlsimple\debug\shaderprogram.obj
c:\users\yes\source\repos\sdlsimple\sdlsimple\debug\polygoncollider2d.obj
c:\users\yes\source\repos\sdlsimple\sdlsimple\debug\gameobject.obj
c:\users\yes\source\repos\sdlsimple\sdlsimple\debug\component.obj
c:\users\yes\source\repos\sdlsimple\sdlsimple\debug\collider2d.obj
c:\users\yes\source\repos\sdlsimple\sdlsimple\debug\rigidbody2d.obj
c:\users\yes\source\repos\sdlsimple\sdlsimple\debug\playermovementcontroller.obj
c:\users\yes\source\repos\sdlsimple\sdlsimple\debug\playerinput.obj
c:\users\yes\source\repos\sdlsimple\sdlsimple\debug\main.obj
c:\users\yes\source\repos\sdlsimple\sdlsimple\debug\entity.obj
c:\users\yes\source\repos\sdlsimple\sdlsimple\debug\circlecollider2d.obj
c:\users\yes\source\repos\sdlsimple\sdlsimple\debug\tilemap.obj
c:\users\yes\source\repos\sdlsimple\sdlsimple\debug\scene1.obj
c:\users\yes\source\repos\sdlsimple\sdlsimple\debug\scene.obj
c:\users\yes\source\repos\sdlsimple\sdlsimple\debug\entitycontroller.obj
c:\users\yes\source\repos\sdlsimple\sdlsimple\debug\goblinai.obj
c:\users\yes\source\repos\sdlsimple\sdlsimple\debug\scene0.obj
c:\users\yes\source\repos\sdlsimple\sdlsimple\debug\scene2.obj
c:\users\yes\source\repos\sdlsimple\sdlsimple\debug\scene3.obj
c:\users\yes\source\repos\sdlsimple\debug\sdlsimple.exe
c:\users\yes\source\repos\sdlsimple\debug\sdlsimple.ilk
c:\users\yes\source\repos\sdlsimple\debug\sdlsimple.pdb
c:\users\yes\source\repos\sdlsimple\sdlsimple\debug\entitycontroller.obj.enc
c:\users\yes\source\repos\sdlsimple\sdlsimple\debug\tilemap.new.obj.enc
c:\users\yes\source\repos\sdlsimple\sdlsimple\debug\sdlsimple.tlog\cl.command.1.tlog
c:\users\yes\source\repos\sdlsimple\sdlsimple\debug\sdlsimple.tlog\cl.read.1.tlog
c:\users\yes\source\repos\sdlsimple\sdlsimple\debug\sdlsimple.tlog\cl.write.1.tlog
c:\users\yes\source\repos\sdlsimple\sdlsimple\debug\sdlsimple.tlog\link.command.1.tlog
c:\users\yes\source\repos\sdlsimple\sdlsimple\debug\sdlsimple.tlog\link.read.1.tlog
c:\users\yes\source\repos\sdlsimple\sdlsimple\debug\sdlsimple.tlog\link.write.1.tlog
