c:\users\yes\source\repos\sdlsimple\sdlsimple\debug\vc142.pdb
c:\users\yes\source\repos\sdlsimple\sdlsimple\debug\vc142.idb
c:\users\yes\source\repos\sdlsimple\sdlsimple\debug\util.obj
c:\users\yes\source\repos\sdlsimple\sdlsimple\debug\shaderprogram.obj
c:\users\yes\source\repos\sdlsimple\sdlsimple\debug\scriptable.obj
c:\users\yes\source\repos\sdlsimple\sdlsimple\debug\renderable.obj
c:\users\yes\source\repos\sdlsimple\sdlsimple\debug\gamemap.obj
c:\users\yes\source\repos\sdlsimple\sdlsimple\debug\main.obj
c:\users\yes\source\repos\sdlsimple\sdlsimple\debug\level.obj
c:\users\yes\source\repos\sdlsimple\sdlsimple\debug\entity.obj
c:\users\yes\source\repos\sdlsimple\sdlsimple\debug\effect.obj
c:\users\yes\source\repos\sdlsimple\sdlsimple\debug\scriptablescript.obj
c:\users\yes\source\repos\sdlsimple\sdlsimple\debug\scriptableobject.obj
c:\users\yes\source\repos\sdlsimple\sdlsimple\debug\playerinput.obj
c:\users\yes\source\repos\sdlsimple\sdlsimple\debug\gameobject.obj
c:\users\yes\source\repos\sdlsimple\sdlsimple\debug\component.obj
c:\users\yes\source\repos\sdlsimple\sdlsimple\debug\spriterenderer.obj
c:\users\yes\source\repos\sdlsimple\sdlsimple\debug\rigidbody2d.obj
c:\users\yes\source\repos\sdlsimple\sdlsimple\debug\playermovementcontroller.obj
c:\users\yes\source\repos\sdlsimple\sdlsimple\debug\collider2d.obj
c:\users\yes\source\repos\sdlsimple\sdlsimple\debug\polygoncollider2d.obj
c:\users\yes\source\repos\sdlsimple\debug\sdlsimple.exe
c:\users\yes\source\repos\sdlsimple\debug\sdlsimple.ilk
c:\users\yes\source\repos\sdlsimple\debug\sdlsimple.pdb
c:\users\yes\source\repos\sdlsimple\sdlsimple\debug\sdlsimple.tlog\cl.command.1.tlog
c:\users\yes\source\repos\sdlsimple\sdlsimple\debug\sdlsimple.tlog\cl.read.1.tlog
c:\users\yes\source\repos\sdlsimple\sdlsimple\debug\sdlsimple.tlog\cl.write.1.tlog
c:\users\yes\source\repos\sdlsimple\sdlsimple\debug\sdlsimple.tlog\link.command.1.tlog
c:\users\yes\source\repos\sdlsimple\sdlsimple\debug\sdlsimple.tlog\link.read.1.tlog
c:\users\yes\source\repos\sdlsimple\sdlsimple\debug\sdlsimple.tlog\link.write.1.tlog
